android/app/build/intermediates/manifest_merge_blame_file/debug/manifest-merger-blame-debug-report.txt
1<?xml version="1.0" encoding="utf-8"?>
2<manifest xmlns:android="http://schemas.android.com/apk/res/android"
3    package="com.invibetLatest"
4    android:versionCode="4"
5    android:versionName="1.4" >
6
7    <uses-sdk
8        android:minSdkVersion="26"
9        android:targetSdkVersion="34" />
10
11    <uses-permission android:name="android.permission.INTERNET" />
11-->src/main/AndroidManifest.xml:3:5-67
11-->src/main/AndroidManifest.xml:3:22-64
12    <uses-permission android:name="android.permission.WAKE_LOCK" />
12-->[:react-native-background-timer] AndroidManifest.xml:7:5-68
12-->[:react-native-background-timer] AndroidManifest.xml:7:22-65
13    <uses-permission android:name="android.permission.ACCESS_NETWORK_STATE" />
13-->[:react-native-firebase_messaging] AndroidManifest.xml:9:5-79
13-->[:react-native-firebase_messaging] AndroidManifest.xml:9:22-76
14    <uses-permission
14-->[:react-native-bluetooth-status] AndroidManifest.xml:7:5-68
15        android:name="android.permission.BLUETOOTH"
15-->[:react-native-bluetooth-status] AndroidManifest.xml:7:22-65
16        android:maxSdkVersion="30" />
16-->[com.polidea.rxandroidble2:rxandroidble:1.17.2] AndroidManifest.xml:12:9-35
17    <uses-permission
17-->[:react-native-bluetooth-status] AndroidManifest.xml:8:5-74
18        android:name="android.permission.BLUETOOTH_ADMIN"
18-->[:react-native-bluetooth-status] AndroidManifest.xml:8:22-71
19        android:maxSdkVersion="30" />
19-->[com.polidea.rxandroidble2:rxandroidble:1.17.2] AndroidManifest.xml:15:9-35
20
21    <queries>
21-->[:react-native-image-crop-picker] AndroidManifest.xml:7:5-11:15
22        <intent>
22-->[:react-native-image-crop-picker] AndroidManifest.xml:8:9-10:18
23            <action android:name="android.media.action.IMAGE_CAPTURE" />
23-->[:react-native-image-crop-picker] AndroidManifest.xml:9:13-73
23-->[:react-native-image-crop-picker] AndroidManifest.xml:9:21-70
24        </intent>
25        <intent>
25-->[com.cashfree.pg:core:2.2.2] AndroidManifest.xml:20:9-26:18
26            <action android:name="android.intent.action.VIEW" />
26-->[com.cashfree.pg:core:2.2.2] AndroidManifest.xml:21:13-65
26-->[com.cashfree.pg:core:2.2.2] AndroidManifest.xml:21:21-62
27
28            <data
28-->[com.cashfree.pg:core:2.2.2] AndroidManifest.xml:23:13-25:40
29                android:host="pay"
29-->[com.cashfree.pg:core:2.2.2] AndroidManifest.xml:24:17-35
30                android:scheme="upi" />
30-->[com.cashfree.pg:core:2.2.2] AndroidManifest.xml:25:17-37
31        </intent>
32        <intent>
32-->[com.cashfree.pg:core:2.2.2] AndroidManifest.xml:27:9-33:18
33            <action android:name="android.intent.action.VIEW" />
33-->[com.cashfree.pg:core:2.2.2] AndroidManifest.xml:21:13-65
33-->[com.cashfree.pg:core:2.2.2] AndroidManifest.xml:21:21-62
34
35            <data
35-->[com.cashfree.pg:core:2.2.2] AndroidManifest.xml:23:13-25:40
36                android:host="mandate"
36-->[com.cashfree.pg:core:2.2.2] AndroidManifest.xml:24:17-35
37                android:scheme="upi" />
37-->[com.cashfree.pg:core:2.2.2] AndroidManifest.xml:25:17-37
38        </intent>
39
40        <package android:name="com.android.chrome" />
40-->[com.cashfree.pg:core:2.2.2] AndroidManifest.xml:35:9-54
40-->[com.cashfree.pg:core:2.2.2] AndroidManifest.xml:35:18-51
41    </queries>
42
43    <uses-permission
43-->[:react-native-image-crop-picker] AndroidManifest.xml:13:5-15:38
44        android:name="android.permission.WRITE_EXTERNAL_STORAGE"
44-->[:react-native-image-crop-picker] AndroidManifest.xml:14:9-65
45        android:maxSdkVersion="29" />
45-->[:react-native-image-crop-picker] AndroidManifest.xml:15:9-35
46    <uses-permission android:name="android.permission.READ_EXTERNAL_STORAGE" />
47    <!--
48    This manifest file is used only by Gradle to configure debug-only capabilities
49    for React Native Apps.
50    -->
51    <uses-permission android:name="android.permission.SYSTEM_ALERT_WINDOW" />
51-->[com.facebook.react:react-android:0.74.2] AndroidManifest.xml:16:5-78
51-->[com.facebook.react:react-android:0.74.2] AndroidManifest.xml:16:22-75
52    <uses-permission
52-->[com.cashfree.pg:ui:2.2.2] AndroidManifest.xml:11:5-13:36
53        android:name="android.permission.NFC"
53-->[com.cashfree.pg:ui:2.2.2] AndroidManifest.xml:12:9-46
54        android:required="false" />
54-->[com.cashfree.pg:ui:2.2.2] AndroidManifest.xml:13:9-33
55
56    <uses-feature
56-->[com.cashfree.pg:core:2.2.2] AndroidManifest.xml:15:5-17:36
57        android:name="android.hardware.nfc"
57-->[com.cashfree.pg:core:2.2.2] AndroidManifest.xml:16:9-44
58        android:required="false" />
58-->[com.cashfree.pg:core:2.2.2] AndroidManifest.xml:17:9-33
59
60    <uses-permission android:name="android.permission.RECEIVE_BOOT_COMPLETED" />
60-->[androidx.work:work-runtime:2.8.0] AndroidManifest.xml:25:5-81
60-->[androidx.work:work-runtime:2.8.0] AndroidManifest.xml:25:22-78
61    <uses-permission android:name="android.permission.FOREGROUND_SERVICE" />
61-->[androidx.work:work-runtime:2.8.0] AndroidManifest.xml:26:5-77
61-->[androidx.work:work-runtime:2.8.0] AndroidManifest.xml:26:22-74
62    <uses-permission android:name="android.permission.POST_NOTIFICATIONS" /> <!-- Required by older versions of Google Play services to create IID tokens -->
62-->[com.google.firebase:firebase-messaging:24.1.1] AndroidManifest.xml:23:5-77
62-->[com.google.firebase:firebase-messaging:24.1.1] AndroidManifest.xml:23:22-74
63    <uses-permission android:name="com.google.android.c2dm.permission.RECEIVE" />
63-->[com.google.firebase:firebase-messaging:24.1.1] AndroidManifest.xml:26:5-82
63-->[com.google.firebase:firebase-messaging:24.1.1] AndroidManifest.xml:26:22-79
64
65    <permission
65-->[androidx.core:core:1.13.1] AndroidManifest.xml:22:5-24:47
66        android:name="com.invibetLatest.DYNAMIC_RECEIVER_NOT_EXPORTED_PERMISSION"
66-->[androidx.core:core:1.13.1] AndroidManifest.xml:23:9-81
67        android:protectionLevel="signature" />
67-->[androidx.core:core:1.13.1] AndroidManifest.xml:24:9-44
68
69    <uses-permission android:name="com.invibetLatest.DYNAMIC_RECEIVER_NOT_EXPORTED_PERMISSION" /> <!-- required for API 23 - 30, no android:maxSdkVersion because of a potential breaking change -->
69-->[androidx.core:core:1.13.1] AndroidManifest.xml:26:5-97
69-->[androidx.core:core:1.13.1] AndroidManifest.xml:26:22-94
70    <!-- TODO: add android:maxSdkVersion on 2.0.0 -->
71    <uses-permission-sdk-23 android:name="android.permission.ACCESS_COARSE_LOCATION" />
71-->[com.polidea.rxandroidble2:rxandroidble:1.17.2] AndroidManifest.xml:18:5-88
71-->[com.polidea.rxandroidble2:rxandroidble:1.17.2] AndroidManifest.xml:18:29-85
72    <uses-permission-sdk-23 android:name="android.permission.ACCESS_FINE_LOCATION" /> <!-- API 31+ -->
72-->[com.polidea.rxandroidble2:rxandroidble:1.17.2] AndroidManifest.xml:19:5-86
72-->[com.polidea.rxandroidble2:rxandroidble:1.17.2] AndroidManifest.xml:19:29-83
73    <uses-permission android:name="android.permission.BLUETOOTH_CONNECT" />
73-->[com.polidea.rxandroidble2:rxandroidble:1.17.2] AndroidManifest.xml:21:5-76
73-->[com.polidea.rxandroidble2:rxandroidble:1.17.2] AndroidManifest.xml:21:22-73
74    <uses-permission
74-->[com.polidea.rxandroidble2:rxandroidble:1.17.2] AndroidManifest.xml:22:5-25:31
75        android:name="android.permission.BLUETOOTH_SCAN"
75-->[com.polidea.rxandroidble2:rxandroidble:1.17.2] AndroidManifest.xml:23:9-57
76        android:usesPermissionFlags="neverForLocation" />
76-->[com.polidea.rxandroidble2:rxandroidble:1.17.2] AndroidManifest.xml:24:9-55
77    <uses-permission android:name="android.permission.VIBRATE" />
77-->[app.notifee:core:202108261754] AndroidManifest.xml:13:5-66
77-->[app.notifee:core:202108261754] AndroidManifest.xml:13:22-63
78    <uses-permission android:name="android.permission.SCHEDULE_EXACT_ALARM" />
78-->[app.notifee:core:202108261754] AndroidManifest.xml:16:5-79
78-->[app.notifee:core:202108261754] AndroidManifest.xml:16:22-76
79    <uses-permission
79-->[app.notifee:core:202108261754] AndroidManifest.xml:17:5-19:38
80        android:name="android.permission.BROADCAST_CLOSE_SYSTEM_DIALOGS"
80-->[app.notifee:core:202108261754] AndroidManifest.xml:18:9-73
81        android:maxSdkVersion="30" /> <!-- For Xiaomi devices to enable heads-up notifications as default (https://github.com/invertase/notifee/issues/296) -->
81-->[app.notifee:core:202108261754] AndroidManifest.xml:19:9-35
82    <uses-permission
82-->[app.notifee:core:202108261754] AndroidManifest.xml:21:5-23:38
83        android:name="android.permission.ACCESS_NOTIFICATION_POLICY"
83-->[app.notifee:core:202108261754] AndroidManifest.xml:22:9-69
84        android:minSdkVersion="23" />
84-->[app.notifee:core:202108261754] AndroidManifest.xml:23:9-35
85
86    <application
86-->src/main/AndroidManifest.xml:5:5-27:19
87        android:name="com.invibetLatest.MainApplication"
87-->src/main/AndroidManifest.xml:6:7-38
88        android:allowBackup="false"
88-->src/main/AndroidManifest.xml:10:7-34
89        android:appComponentFactory="androidx.core.app.CoreComponentFactory"
89-->[androidx.core:core:1.13.1] AndroidManifest.xml:28:18-86
90        android:debuggable="true"
91        android:extractNativeLibs="true"
91-->src/main/AndroidManifest.xml:11:7-39
92        android:icon="@mipmap/ic_launcher"
92-->src/main/AndroidManifest.xml:8:7-41
93        android:label="@string/app_name"
93-->src/main/AndroidManifest.xml:7:7-39
94        android:roundIcon="@mipmap/ic_launcher_round"
94-->src/main/AndroidManifest.xml:9:7-52
95        android:supportsRtl="true"
95-->[com.cashfree.pg:core:2.2.2] AndroidManifest.xml:39:9-35
96        android:theme="@style/AppTheme"
96-->src/main/AndroidManifest.xml:12:7-38
97        android:usesCleartextTraffic="true" >
97-->src/main/AndroidManifest.xml:13:10-45
98        <activity
98-->src/main/AndroidManifest.xml:14:7-26:18
99            android:name="com.invibetLatest.MainActivity"
99-->src/main/AndroidManifest.xml:15:9-37
100            android:configChanges="keyboard|keyboardHidden|orientation|screenLayout|screenSize|smallestScreenSize|uiMode"
100-->src/main/AndroidManifest.xml:17:9-118
101            android:exported="true"
101-->src/main/AndroidManifest.xml:20:9-32
102            android:label="@string/app_name"
102-->src/main/AndroidManifest.xml:16:9-41
103            android:launchMode="singleTask"
103-->src/main/AndroidManifest.xml:18:9-40
104            android:windowSoftInputMode="adjustResize" >
104-->src/main/AndroidManifest.xml:19:9-51
105            <intent-filter>
105-->src/main/AndroidManifest.xml:22:9-25:25
106                <action android:name="android.intent.action.MAIN" />
106-->src/main/AndroidManifest.xml:23:13-65
106-->src/main/AndroidManifest.xml:23:21-62
107
108                <category android:name="android.intent.category.LAUNCHER" />
108-->src/main/AndroidManifest.xml:24:13-73
108-->src/main/AndroidManifest.xml:24:23-70
109            </intent-filter>
110        </activity>
111
112        <provider
112-->[:notifee_react-native] AndroidManifest.xml:8:9-12:40
113            android:name="io.invertase.notifee.NotifeeInitProvider"
113-->[:notifee_react-native] AndroidManifest.xml:9:13-68
114            android:authorities="com.invibetLatest.notifee-init-provider"
114-->[:notifee_react-native] AndroidManifest.xml:10:13-73
115            android:exported="false"
115-->[:notifee_react-native] AndroidManifest.xml:11:13-37
116            android:initOrder="-100" />
116-->[:notifee_react-native] AndroidManifest.xml:12:13-37
117
118        <service
118-->[:react-native-firebase_messaging] AndroidManifest.xml:12:9-14:40
119            android:name="io.invertase.firebase.messaging.ReactNativeFirebaseMessagingHeadlessService"
119-->[:react-native-firebase_messaging] AndroidManifest.xml:13:13-103
120            android:exported="false" />
120-->[:react-native-firebase_messaging] AndroidManifest.xml:14:13-37
121        <service
121-->[:react-native-firebase_messaging] AndroidManifest.xml:15:9-21:19
122            android:name="io.invertase.firebase.messaging.ReactNativeFirebaseMessagingService"
122-->[:react-native-firebase_messaging] AndroidManifest.xml:16:13-95
123            android:exported="false" >
123-->[:react-native-firebase_messaging] AndroidManifest.xml:17:13-37
124            <intent-filter>
124-->[:react-native-firebase_messaging] AndroidManifest.xml:18:13-20:29
125                <action android:name="com.google.firebase.MESSAGING_EVENT" />
125-->[:react-native-firebase_messaging] AndroidManifest.xml:19:17-78
125-->[:react-native-firebase_messaging] AndroidManifest.xml:19:25-75
126            </intent-filter>
127        </service>
128
129        <receiver
129-->[:react-native-firebase_messaging] AndroidManifest.xml:23:9-30:20
130            android:name="io.invertase.firebase.messaging.ReactNativeFirebaseMessagingReceiver"
130-->[:react-native-firebase_messaging] AndroidManifest.xml:24:13-96
131            android:exported="true"
131-->[:react-native-firebase_messaging] AndroidManifest.xml:25:13-36
132            android:permission="com.google.android.c2dm.permission.SEND" >
132-->[:react-native-firebase_messaging] AndroidManifest.xml:26:13-73
133            <intent-filter>
133-->[:react-native-firebase_messaging] AndroidManifest.xml:27:13-29:29
134                <action android:name="com.google.android.c2dm.intent.RECEIVE" />
134-->[:react-native-firebase_messaging] AndroidManifest.xml:28:17-81
134-->[:react-native-firebase_messaging] AndroidManifest.xml:28:25-78
135            </intent-filter>
136        </receiver>
137
138        <meta-data
138-->[:react-native-firebase_messaging] AndroidManifest.xml:32:9-34:37
139            android:name="delivery_metrics_exported_to_big_query_enabled"
139-->[:react-native-firebase_messaging] AndroidManifest.xml:33:13-74
140            android:value="false" />
140-->[:react-native-firebase_messaging] AndroidManifest.xml:34:13-34
141        <meta-data
141-->[:react-native-firebase_messaging] AndroidManifest.xml:35:9-37:36
142            android:name="firebase_messaging_auto_init_enabled"
142-->[:react-native-firebase_messaging] AndroidManifest.xml:36:13-64
143            android:value="true" />
143-->[:react-native-firebase_messaging] AndroidManifest.xml:37:13-33
144        <meta-data
144-->[:react-native-firebase_messaging] AndroidManifest.xml:38:9-40:37
145            android:name="firebase_messaging_notification_delegation_enabled"
145-->[:react-native-firebase_messaging] AndroidManifest.xml:39:13-78
146            android:value="false" />
146-->[:react-native-firebase_messaging] AndroidManifest.xml:40:13-34
147        <meta-data
147-->[:react-native-firebase_messaging] AndroidManifest.xml:41:9-43:32
148            android:name="com.google.firebase.messaging.default_notification_channel_id"
148-->[:react-native-firebase_messaging] AndroidManifest.xml:42:13-89
149            android:value="" />
149-->[:react-native-firebase_messaging] AndroidManifest.xml:43:13-29
150        <meta-data
150-->[:react-native-firebase_messaging] AndroidManifest.xml:44:9-46:47
151            android:name="com.google.firebase.messaging.default_notification_color"
151-->[:react-native-firebase_messaging] AndroidManifest.xml:45:13-84
152            android:resource="@color/white" />
152-->[:react-native-firebase_messaging] AndroidManifest.xml:46:13-44
153        <meta-data
153-->[:react-native-firebase_app] AndroidManifest.xml:9:9-11:36
154            android:name="app_data_collection_default_enabled"
154-->[:react-native-firebase_app] AndroidManifest.xml:10:13-63
155            android:value="true" />
155-->[:react-native-firebase_app] AndroidManifest.xml:11:13-33
156
157        <service
157-->[:react-native-firebase_app] AndroidManifest.xml:13:9-21:19
158            android:name="com.google.firebase.components.ComponentDiscoveryService"
158-->[:react-native-firebase_app] AndroidManifest.xml:14:13-84
159            android:directBootAware="true"
159-->[:react-native-firebase_app] AndroidManifest.xml:15:13-43
160            android:exported="false" >
160-->[:react-native-firebase_app] AndroidManifest.xml:16:13-37
161            <meta-data
161-->[:react-native-firebase_app] AndroidManifest.xml:18:13-20:85
162                android:name="com.google.firebase.components:io.invertase.firebase.app.ReactNativeFirebaseAppRegistrar"
162-->[:react-native-firebase_app] AndroidManifest.xml:19:17-120
163                android:value="com.google.firebase.components.ComponentRegistrar" />
163-->[:react-native-firebase_app] AndroidManifest.xml:20:17-82
164            <meta-data
164-->[com.google.firebase:firebase-messaging:24.1.1] AndroidManifest.xml:57:13-59:85
165                android:name="com.google.firebase.components:com.google.firebase.messaging.FirebaseMessagingKtxRegistrar"
165-->[com.google.firebase:firebase-messaging:24.1.1] AndroidManifest.xml:58:17-122
166                android:value="com.google.firebase.components.ComponentRegistrar" />
166-->[com.google.firebase:firebase-messaging:24.1.1] AndroidManifest.xml:59:17-82
167            <meta-data
167-->[com.google.firebase:firebase-messaging:24.1.1] AndroidManifest.xml:60:13-62:85
168                android:name="com.google.firebase.components:com.google.firebase.messaging.FirebaseMessagingRegistrar"
168-->[com.google.firebase:firebase-messaging:24.1.1] AndroidManifest.xml:61:17-119
169                android:value="com.google.firebase.components.ComponentRegistrar" />
169-->[com.google.firebase:firebase-messaging:24.1.1] AndroidManifest.xml:62:17-82
170            <meta-data
170-->[com.google.firebase:firebase-installations:18.0.0] AndroidManifest.xml:15:13-17:85
171                android:name="com.google.firebase.components:com.google.firebase.installations.FirebaseInstallationsKtxRegistrar"
171-->[com.google.firebase:firebase-installations:18.0.0] AndroidManifest.xml:16:17-130
172                android:value="com.google.firebase.components.ComponentRegistrar" />
172-->[com.google.firebase:firebase-installations:18.0.0] AndroidManifest.xml:17:17-82
173            <meta-data
173-->[com.google.firebase:firebase-installations:18.0.0] AndroidManifest.xml:18:13-20:85
174                android:name="com.google.firebase.components:com.google.firebase.installations.FirebaseInstallationsRegistrar"
174-->[com.google.firebase:firebase-installations:18.0.0] AndroidManifest.xml:19:17-127
175                android:value="com.google.firebase.components.ComponentRegistrar" />
175-->[com.google.firebase:firebase-installations:18.0.0] AndroidManifest.xml:20:17-82
176            <meta-data
176-->[com.google.firebase:firebase-common-ktx:21.0.0] AndroidManifest.xml:12:13-14:85
177                android:name="com.google.firebase.components:com.google.firebase.ktx.FirebaseCommonLegacyRegistrar"
177-->[com.google.firebase:firebase-common-ktx:21.0.0] AndroidManifest.xml:13:17-116
178                android:value="com.google.firebase.components.ComponentRegistrar" />
178-->[com.google.firebase:firebase-common-ktx:21.0.0] AndroidManifest.xml:14:17-82
179            <meta-data
179-->[com.google.firebase:firebase-common:21.0.0] AndroidManifest.xml:35:13-37:85
180                android:name="com.google.firebase.components:com.google.firebase.FirebaseCommonKtxRegistrar"
180-->[com.google.firebase:firebase-common:21.0.0] AndroidManifest.xml:36:17-109
181                android:value="com.google.firebase.components.ComponentRegistrar" />
181-->[com.google.firebase:firebase-common:21.0.0] AndroidManifest.xml:37:17-82
182            <meta-data
182-->[com.google.firebase:firebase-datatransport:18.2.0] AndroidManifest.xml:25:13-27:85
183                android:name="com.google.firebase.components:com.google.firebase.datatransport.TransportRegistrar"
183-->[com.google.firebase:firebase-datatransport:18.2.0] AndroidManifest.xml:26:17-115
184                android:value="com.google.firebase.components.ComponentRegistrar" />
184-->[com.google.firebase:firebase-datatransport:18.2.0] AndroidManifest.xml:27:17-82
185        </service>
186
187        <provider
187-->[:react-native-firebase_app] AndroidManifest.xml:23:9-27:38
188            android:name="io.invertase.firebase.app.ReactNativeFirebaseAppInitProvider"
188-->[:react-native-firebase_app] AndroidManifest.xml:24:13-88
189            android:authorities="com.invibetLatest.reactnativefirebaseappinitprovider"
189-->[:react-native-firebase_app] AndroidManifest.xml:25:13-86
190            android:exported="false"
190-->[:react-native-firebase_app] AndroidManifest.xml:26:13-37
191            android:initOrder="99" />
191-->[:react-native-firebase_app] AndroidManifest.xml:27:13-35
192        <provider
192-->[:react-native-image-crop-picker] AndroidManifest.xml:18:9-26:20
193            android:name="com.reactnative.ivpusic.imagepicker.IvpusicImagePickerFileProvider"
193-->[:react-native-image-crop-picker] AndroidManifest.xml:19:13-94
194            android:authorities="com.invibetLatest.provider"
194-->[:react-native-image-crop-picker] AndroidManifest.xml:20:13-60
195            android:exported="false"
195-->[:react-native-image-crop-picker] AndroidManifest.xml:21:13-37
196            android:grantUriPermissions="true" >
196-->[:react-native-image-crop-picker] AndroidManifest.xml:22:13-47
197            <meta-data
197-->[:react-native-image-crop-picker] AndroidManifest.xml:23:13-25:78
198                android:name="android.support.FILE_PROVIDER_PATHS"
198-->[:react-native-image-crop-picker] AndroidManifest.xml:24:17-67
199                android:resource="@xml/ivpusic_imagepicker_provider_paths" />
199-->[:react-native-image-crop-picker] AndroidManifest.xml:25:17-75
200        </provider>
201
202        <activity
202-->[:react-native-image-crop-picker] AndroidManifest.xml:28:9-30:72
203            android:name="com.yalantis.ucrop.UCropActivity"
203-->[:react-native-image-crop-picker] AndroidManifest.xml:29:13-60
204            android:theme="@style/Theme.AppCompat.Light.NoActionBar" /> <!-- Prompt Google Play services to install the backported photo picker module -->
204-->[:react-native-image-crop-picker] AndroidManifest.xml:30:13-69
205        <service
205-->[:react-native-image-crop-picker] AndroidManifest.xml:33:9-44:19
206            android:name="com.google.android.gms.metadata.ModuleDependencies"
206-->[:react-native-image-crop-picker] AndroidManifest.xml:34:13-78
207            android:enabled="false"
207-->[:react-native-image-crop-picker] AndroidManifest.xml:35:13-36
208            android:exported="false" >
208-->[:react-native-image-crop-picker] AndroidManifest.xml:36:13-37
209            <intent-filter>
209-->[:react-native-image-crop-picker] AndroidManifest.xml:37:13-39:29
210                <action android:name="com.google.android.gms.metadata.MODULE_DEPENDENCIES" />
210-->[:react-native-image-crop-picker] AndroidManifest.xml:38:17-94
210-->[:react-native-image-crop-picker] AndroidManifest.xml:38:25-91
211            </intent-filter>
212
213            <meta-data
213-->[:react-native-image-crop-picker] AndroidManifest.xml:41:13-43:36
214                android:name="photopicker_activity:0:required"
214-->[:react-native-image-crop-picker] AndroidManifest.xml:42:17-63
215                android:value="" />
215-->[:react-native-image-crop-picker] AndroidManifest.xml:43:17-33
216        </service>
217
218        <provider
218-->[:react-native-webview] AndroidManifest.xml:8:9-16:20
219            android:name="com.reactnativecommunity.webview.RNCWebViewFileProvider"
219-->[:react-native-webview] AndroidManifest.xml:9:13-83
220            android:authorities="com.invibetLatest.fileprovider"
220-->[:react-native-webview] AndroidManifest.xml:10:13-64
221            android:exported="false"
221-->[:react-native-webview] AndroidManifest.xml:11:13-37
222            android:grantUriPermissions="true" >
222-->[:react-native-webview] AndroidManifest.xml:12:13-47
223            <meta-data
223-->[:react-native-image-crop-picker] AndroidManifest.xml:23:13-25:78
224                android:name="android.support.FILE_PROVIDER_PATHS"
224-->[:react-native-image-crop-picker] AndroidManifest.xml:24:17-67
225                android:resource="@xml/file_provider_paths" />
225-->[:react-native-image-crop-picker] AndroidManifest.xml:25:17-75
226        </provider>
227
228        <activity
228-->[com.facebook.react:react-android:0.74.2] AndroidManifest.xml:19:9-21:40
229            android:name="com.facebook.react.devsupport.DevSettingsActivity"
229-->[com.facebook.react:react-android:0.74.2] AndroidManifest.xml:20:13-77
230            android:exported="false" />
230-->[com.facebook.react:react-android:0.74.2] AndroidManifest.xml:21:13-37
231
232        <provider
232-->[com.cashfree.pg:api:2.2.2] AndroidManifest.xml:10:9-13:40
233            android:name="com.cashfree.pg.api.CashfreeCoreContentProvider"
233-->[com.cashfree.pg:api:2.2.2] AndroidManifest.xml:11:13-75
234            android:authorities="com.invibetLatest.cashfreecorecontentprovider"
234-->[com.cashfree.pg:api:2.2.2] AndroidManifest.xml:12:13-79
235            android:exported="false" />
235-->[com.cashfree.pg:api:2.2.2] AndroidManifest.xml:13:13-37
236
237        <meta-data
237-->[com.cashfree.pg:api:2.2.2] AndroidManifest.xml:15:9-17:78
238            android:name="cashfree_pg_core_auto_initialization_enabled"
238-->[com.cashfree.pg:api:2.2.2] AndroidManifest.xml:16:13-72
239            android:value="@bool/cashfree_pg_core_auto_initialize_enabled" />
239-->[com.cashfree.pg:api:2.2.2] AndroidManifest.xml:17:13-75
240        <meta-data
240-->[com.cashfree.pg:api:2.2.2] AndroidManifest.xml:18:9-20:72
241            android:name="cashfree_pg_core_reporting_enabled"
241-->[com.cashfree.pg:api:2.2.2] AndroidManifest.xml:19:13-62
242            android:value="@bool/cashfree_pg_core_reporting_enabled" />
242-->[com.cashfree.pg:api:2.2.2] AndroidManifest.xml:20:13-69
243
244        <activity
244-->[com.cashfree.pg:ui:2.2.2] AndroidManifest.xml:16:9-36:20
245            android:name="com.cashfree.pg.ui.hidden.checkout.CashfreeNativeCheckoutActivity"
245-->[com.cashfree.pg:ui:2.2.2] AndroidManifest.xml:17:13-93
246            android:exported="false"
246-->[com.cashfree.pg:ui:2.2.2] AndroidManifest.xml:18:13-37
247            android:launchMode="singleTop"
247-->[com.cashfree.pg:ui:2.2.2] AndroidManifest.xml:19:13-43
248            android:screenOrientation="portrait"
248-->[com.cashfree.pg:ui:2.2.2] AndroidManifest.xml:20:13-49
249            android:theme="@style/CFUITheme"
249-->[com.cashfree.pg:ui:2.2.2] AndroidManifest.xml:21:13-45
250            android:windowSoftInputMode="adjustPan" >
250-->[com.cashfree.pg:ui:2.2.2] AndroidManifest.xml:22:13-52
251            <intent-filter>
251-->[com.cashfree.pg:ui:2.2.2] AndroidManifest.xml:23:13-27:29
252                <action android:name="android.nfc.action.TECH_DISCOVERED" />
252-->[com.cashfree.pg:ui:2.2.2] AndroidManifest.xml:24:17-77
252-->[com.cashfree.pg:ui:2.2.2] AndroidManifest.xml:24:25-74
253
254                <category android:name="android.intent.category.DEFAULT" />
254-->[com.cashfree.pg:ui:2.2.2] AndroidManifest.xml:26:17-76
254-->[com.cashfree.pg:ui:2.2.2] AndroidManifest.xml:26:27-73
255            </intent-filter>
256            <intent-filter>
256-->[com.cashfree.pg:ui:2.2.2] AndroidManifest.xml:28:13-32:29
257                <action android:name="android.nfc.action.TAG_DISCOVERED" />
257-->[com.cashfree.pg:ui:2.2.2] AndroidManifest.xml:29:17-76
257-->[com.cashfree.pg:ui:2.2.2] AndroidManifest.xml:29:25-73
258
259                <category android:name="android.intent.category.DEFAULT" />
259-->[com.cashfree.pg:ui:2.2.2] AndroidManifest.xml:26:17-76
259-->[com.cashfree.pg:ui:2.2.2] AndroidManifest.xml:26:27-73
260            </intent-filter>
261            <intent-filter>
261-->[com.cashfree.pg:ui:2.2.2] AndroidManifest.xml:33:13-35:29
262                <action android:name="android.nfc.action.NDEF_DISCOVERED" />
262-->[com.cashfree.pg:ui:2.2.2] AndroidManifest.xml:34:17-77
262-->[com.cashfree.pg:ui:2.2.2] AndroidManifest.xml:34:25-74
263            </intent-filter>
264        </activity>
265        <activity
265-->[com.cashfree.pg:ui:2.2.2] AndroidManifest.xml:37:9-41:54
266            android:name="com.cashfree.pg.ui.hidden.seamless.CFDropSeamlessActivity"
266-->[com.cashfree.pg:ui:2.2.2] AndroidManifest.xml:38:13-85
267            android:exported="false"
267-->[com.cashfree.pg:ui:2.2.2] AndroidManifest.xml:39:13-37
268            android:launchMode="singleTop"
268-->[com.cashfree.pg:ui:2.2.2] AndroidManifest.xml:40:13-43
269            android:theme="@style/CFSeamlessStyle" />
269-->[com.cashfree.pg:ui:2.2.2] AndroidManifest.xml:41:13-51
270
271        <meta-data
271-->[com.cashfree.pg:core:2.2.2] AndroidManifest.xml:41:9-43:36
272            android:name="android.webkit.WebView.EnableSafeBrowsing"
272-->[com.cashfree.pg:core:2.2.2] AndroidManifest.xml:42:13-69
273            android:value="true" />
273-->[com.cashfree.pg:core:2.2.2] AndroidManifest.xml:43:13-33
274
275        <activity
275-->[com.cashfree.pg:core:2.2.2] AndroidManifest.xml:45:9-49:53
276            android:name="com.cashfree.pg.core.api.ui.CFCoreUPIPaymentActivity"
276-->[com.cashfree.pg:core:2.2.2] AndroidManifest.xml:46:13-80
277            android:exported="false"
277-->[com.cashfree.pg:core:2.2.2] AndroidManifest.xml:47:13-37
278            android:launchMode="singleTop"
278-->[com.cashfree.pg:core:2.2.2] AndroidManifest.xml:48:13-43
279            android:theme="@style/CFCoreUPIStyle" />
279-->[com.cashfree.pg:core:2.2.2] AndroidManifest.xml:49:13-50
280        <activity
280-->[com.cashfree.pg:core:2.2.2] AndroidManifest.xml:50:9-54:53
281            android:name="com.cashfree.pg.core.api.ui.CFCoreModalActivity"
281-->[com.cashfree.pg:core:2.2.2] AndroidManifest.xml:51:13-75
282            android:exported="false"
282-->[com.cashfree.pg:core:2.2.2] AndroidManifest.xml:52:13-37
283            android:launchMode="singleTop"